Using pre-set license
Built from '2020.3/staging' branch; Version is '2020.3.26f1 (7298b473bc1a) revision 7510196'; Using compiler version '192528614'; Build Type 'Release'
OS: 'Windows 11  (10.0.22000) 64bit Core' Language: 'it' Physical Memory: 32702 MB
BatchMode: 1, IsHumanControllingUs: 0, StartBugReporterOnCrash: 0, Is64bit: 1, IsPro: 0

COMMAND LINE ARGUMENTS:
C:\Program Files\Unity\Hub\Editor\2020.3.26f1\Editor\Unity.exe
-adb2
-batchMode
-noUpm
-name
AssetImportWorker1
-projectPath
C:/Users/piazz/Documents/Files/Unity Projects/GGJ_2022
-logFile
Logs/AssetImportWorker1.log
-srvPort
53716
Successfully changed project path to: C:/Users/piazz/Documents/Files/Unity Projects/GGJ_2022
C:/Users/piazz/Documents/Files/Unity Projects/GGJ_2022
Using Asset Import Pipeline V2.
Refreshing native plugins compatible for Editor in 32.58 ms, found 2 plugins.
Preloading 0 native plugins for Editor in 0.00 ms.
Initialize engine version: 2020.3.26f1 (7298b473bc1a)
[Subsystems] Discovering subsystems at path C:/Program Files/Unity/Hub/Editor/2020.3.26f1/Editor/Data/Resources/UnitySubsystems
[Subsystems] Discovering subsystems at path C:/Users/piazz/Documents/Files/Unity Projects/GGJ_2022/Assets
GfxDevice: creating device client; threaded=0
Direct3D:
    Version:  Direct3D 11.0 [level 11.1]
    Renderer: NVIDIA GeForce RTX 2080 SUPER (ID=0x1e81)
    Vendor:   
    VRAM:     8010 MB
    Driver:   30.0.15.1123
Initialize mono
Mono path[0] = 'C:/Program Files/Unity/Hub/Editor/2020.3.26f1/Editor/Data/Managed'
Mono path[1] = 'C:/Program Files/Unity/Hub/Editor/2020.3.26f1/Editor/Data/MonoBleedingEdge/lib/mono/unityjit'
Mono config path = 'C:/Program Files/Unity/Hub/Editor/2020.3.26f1/Editor/Data/MonoBleedingEdge/etc'
Using monoOptions --debugger-agent=transport=dt_socket,embedding=1,server=y,suspend=n,address=127.0.0.1:56672
Begin MonoManager ReloadAssembly
Registering precompiled unity dll's ...
Register platform support module: C:/Program Files/Unity/Hub/Editor/2020.3.26f1/Editor/Data/PlaybackEngines/WindowsStandaloneSupport/UnityEditor.WindowsStandalone.Extensions.dll
Registered in 0.001051 seconds.
Native extension for WindowsStandalone target not found
Refreshing native plugins compatible for Editor in 33.41 ms, found 2 plugins.
Preloading 0 native plugins for Editor in 0.00 ms.
Mono: successfully reloaded assembly
- Completed reload, in  0.678 seconds
Domain Reload Profiling:
	ReloadAssembly (678ms)
		BeginReloadAssembly (40ms)
			ExecutionOrderSort (0ms)
			DisableScriptedObjects (0ms)
			BackupInstance (0ms)
			ReleaseScriptingObjects (0ms)
			CreateAndSetChildDomain (1ms)
		EndReloadAssembly (491ms)
			LoadAssemblies (39ms)
			RebuildTransferFunctionScriptingTraits (0ms)
			SetupTypeCache (226ms)
			ReleaseScriptCaches (0ms)
			RebuildScriptCaches (27ms)
			SetupLoadedEditorAssemblies (150ms)
				LogAssemblyErrors (0ms)
				InitializePlatformSupportModulesInManaged (4ms)
				SetLoadedEditorAssemblies (0ms)
				RefreshPlugins (33ms)
				BeforeProcessingInitializeOnLoad (14ms)
				ProcessInitializeOnLoadAttributes (69ms)
				ProcessInitializeOnLoadMethodAttributes (30ms)
				AfterProcessingInitializeOnLoad (0ms)
				EditorAssembliesLoaded (0ms)
			ExecutionOrderSort2 (0ms)
			AwakeInstancesAfterBackupRestoration (0ms)
Platform modules already initialized, skipping
Registering precompiled user dll's ...
Registered in 0.002897 seconds.
Begin MonoManager ReloadAssembly
Native extension for WindowsStandalone target not found
Refreshing native plugins compatible for Editor in 32.09 ms, found 2 plugins.
Preloading 0 native plugins for Editor in 0.00 ms.
Mono: successfully reloaded assembly
- Completed reload, in  1.013 seconds
Domain Reload Profiling:
	ReloadAssembly (1013ms)
		BeginReloadAssembly (113ms)
			ExecutionOrderSort (0ms)
			DisableScriptedObjects (4ms)
			BackupInstance (0ms)
			ReleaseScriptingObjects (0ms)
			CreateAndSetChildDomain (14ms)
		EndReloadAssembly (852ms)
			LoadAssemblies (67ms)
			RebuildTransferFunctionScriptingTraits (0ms)
			SetupTypeCache (258ms)
			ReleaseScriptCaches (0ms)
			RebuildScriptCaches (43ms)
			SetupLoadedEditorAssemblies (374ms)
				LogAssemblyErrors (0ms)
				InitializePlatformSupportModulesInManaged (3ms)
				SetLoadedEditorAssemblies (0ms)
				RefreshPlugins (32ms)
				BeforeProcessingInitializeOnLoad (59ms)
				ProcessInitializeOnLoadAttributes (267ms)
				ProcessInitializeOnLoadMethodAttributes (9ms)
				AfterProcessingInitializeOnLoad (4ms)
				EditorAssembliesLoaded (0ms)
			ExecutionOrderSort2 (0ms)
			AwakeInstancesAfterBackupRestoration (6ms)
Platform modules already initialized, skipping
========================================================================
Worker process is ready to serve import requests
Launched and connected shader compiler UnityShaderCompiler.exe after 0.10 seconds
Refreshing native plugins compatible for Editor in 0.36 ms, found 2 plugins.
Preloading 0 native plugins for Editor in 0.00 ms.
Unloading 2039 Unused Serialized files (Serialized files now loaded: 0)
System memory in use before: 89.1 MB.
System memory in use after: 89.2 MB.

Unloading 23 unused Assets to reduce memory usage. Loaded Objects now: 2476.
Total: 3.022300 ms (FindLiveObjects: 0.142600 ms CreateObjectMapping: 0.061500 ms MarkObjects: 2.758000 ms  DeleteObjects: 0.059000 ms)

AssetImportParameters requested are different than current active one (requested -> active):
  custom:framework-win-MediaFoundation: 216162199b28c13a410421893ffa2e32 -> 
  custom:video-decoder-ogg-theora: a1e56fd34408186e4bbccfd4996cb3dc -> 
  custom:container-muxer-webm: aa71ff27fc2769a1b78a27578f13a17b -> 
  custom:container-demuxer-webm: 4f35f7cbe854078d1ac9338744f61a02 -> 
  custom:container-demuxer-ogg: 62fdf1f143b41e24485cea50d1cbac27 -> 
  custom:video-encoder-webm-vp8: eb34c28f22e8b96e1ab97ce403110664 -> 
  custom:video-codec-MediaFoundation-h265: e54d7ab0439102e2317fc1e4b246158d -> 
  custom:video-decoder-webm-vp8: 9c59270c3fd7afecdb556c50c9e8de78 -> 
  custom:audio-decoder-ogg-vorbis: bf7c407c2cedff20999df2af8eb42d56 -> 
  custom:audio-encoder-webm-vorbis: bf7c407c2cedff20999df2af8eb42d56 -> 
========================================================================
Received Import Request.
  path: Assets/Code/UI
  artifactKey: Guid(8cbc6c68d205d5941958b5c301ce1616) Importer(815301076,1909f56bfc062723c751e8b465ee728b)
Start importing Assets/Code/UI using Guid(8cbc6c68d205d5941958b5c301ce1616) Importer(815301076,1909f56bfc062723c751e8b465ee728b)  -> (artifact id: '87ef569acb87e9d36054d3b2a7230de1') in 0.006459 seconds 
  Import took 0.009495 seconds .

========================================================================
Received Import Request.
  Time since last request: 9.594806 seconds.
  path: Assets/Content/Textures/Sprites/lifebar.png
  artifactKey: Guid(aee5c43ccc74b8d4ab1b919e41774a50) Importer(815301076,1909f56bfc062723c751e8b465ee728b)
Start importing Assets/Content/Textures/Sprites/lifebar.png using Guid(aee5c43ccc74b8d4ab1b919e41774a50) Importer(815301076,1909f56bfc062723c751e8b465ee728b)  -> (artifact id: '912a12445b3c00453765df60afb7bd65') in 0.052431 seconds 
  Import took 0.056448 seconds .

========================================================================
Received Import Request.
  Time since last request: 4.708796 seconds.
  path: Assets/Content/Textures/Sprites/lifebar.png
  artifactKey: Guid(aee5c43ccc74b8d4ab1b919e41774a50) Importer(815301076,1909f56bfc062723c751e8b465ee728b)
Start importing Assets/Content/Textures/Sprites/lifebar.png using Guid(aee5c43ccc74b8d4ab1b919e41774a50) Importer(815301076,1909f56bfc062723c751e8b465ee728b)  -> (artifact id: '12d1ff1acc2d358908d931e07fdc6007') in 0.037426 seconds 
  Import took 0.040582 seconds .

========================================================================
Received Import Request.
  Time since last request: 173.151503 seconds.
  path: Assets/Content/Textures/Sprites/lifebar.png
  artifactKey: Guid(aee5c43ccc74b8d4ab1b919e41774a50) Importer(815301076,1909f56bfc062723c751e8b465ee728b)
Start importing Assets/Content/Textures/Sprites/lifebar.png using Guid(aee5c43ccc74b8d4ab1b919e41774a50) Importer(815301076,1909f56bfc062723c751e8b465ee728b)  -> (artifact id: 'a753ae8857006baf16d2271272af6097') in 0.013386 seconds 
  Import took 0.017348 seconds .

========================================================================
Received Import Request.
  Time since last request: 617.795154 seconds.
  path: Assets/Content/Textures/Sprites/lifebar.png
  artifactKey: Guid(aee5c43ccc74b8d4ab1b919e41774a50) Importer(815301076,1909f56bfc062723c751e8b465ee728b)
Start importing Assets/Content/Textures/Sprites/lifebar.png using Guid(aee5c43ccc74b8d4ab1b919e41774a50) Importer(815301076,1909f56bfc062723c751e8b465ee728b)  -> (artifact id: '4819e444a8fe831320ed1ee6f78e6eca') in 0.012731 seconds 
  Import took 0.016637 seconds .

========================================================================
Received Import Request.
  Time since last request: 149.049860 seconds.
  path: Assets/Content/Textures/Sprites/lifebar.png
  artifactKey: Guid(aee5c43ccc74b8d4ab1b919e41774a50) Importer(815301076,1909f56bfc062723c751e8b465ee728b)
Start importing Assets/Content/Textures/Sprites/lifebar.png using Guid(aee5c43ccc74b8d4ab1b919e41774a50) Importer(815301076,1909f56bfc062723c751e8b465ee728b)  -> (artifact id: '1c6b77a640121d7b9bdf0592b44be64b') in 0.008812 seconds 
  Import took 0.012862 seconds .

========================================================================
Received Import Request.
  Time since last request: 22.597976 seconds.
  path: Assets/Content/Textures/Sprites/lifebar.png
  artifactKey: Guid(aee5c43ccc74b8d4ab1b919e41774a50) Importer(815301076,1909f56bfc062723c751e8b465ee728b)
Start importing Assets/Content/Textures/Sprites/lifebar.png using Guid(aee5c43ccc74b8d4ab1b919e41774a50) Importer(815301076,1909f56bfc062723c751e8b465ee728b)  -> (artifact id: '1d293cc3fc49c96d3be5e6b172ca8329') in 0.008023 seconds 
  Import took 0.011432 seconds .

========================================================================
Received Import Request.
  Time since last request: 112.067435 seconds.
  path: Assets/Content/Textures/Sprites/Livello-1.png
  artifactKey: Guid(bc9fdbeb3048eb9479d32a7050f09980) Importer(815301076,1909f56bfc062723c751e8b465ee728b)
Start importing Assets/Content/Textures/Sprites/Livello-1.png using Guid(bc9fdbeb3048eb9479d32a7050f09980) Importer(815301076,1909f56bfc062723c751e8b465ee728b)  -> (artifact id: 'e35f572beeabe651523015284c22e087') in 0.012845 seconds 
  Import took 0.016098 seconds .

========================================================================
Received Import Request.
  Time since last request: 0.360181 seconds.
  path: Assets/Content/Textures/Sprites/lifebar.png
  artifactKey: Guid(aee5c43ccc74b8d4ab1b919e41774a50) Importer(815301076,1909f56bfc062723c751e8b465ee728b)
Start importing Assets/Content/Textures/Sprites/lifebar.png using Guid(aee5c43ccc74b8d4ab1b919e41774a50) Importer(815301076,1909f56bfc062723c751e8b465ee728b)  -> (artifact id: '83ee70257fc7a9df04ea406dd5b5d21e') in 0.008781 seconds 
  Import took 0.013839 seconds .

AssetImportWorkerClient::OnTransportError - code=2 error=End of file
