Using pre-set license
Built from '2020.3/staging' branch; Version is '2020.3.26f1 (7298b473bc1a) revision 7510196'; Using compiler version '192528614'; Build Type 'Release'
OS: 'Windows 11  (10.0.22000) 64bit Core' Language: 'it' Physical Memory: 32702 MB
BatchMode: 1, IsHumanControllingUs: 0, StartBugReporterOnCrash: 0, Is64bit: 1, IsPro: 0

COMMAND LINE ARGUMENTS:
C:\Program Files\Unity\Hub\Editor\2020.3.26f1\Editor\Unity.exe
-adb2
-batchMode
-noUpm
-name
AssetImportWorker0
-projectPath
C:/Users/piazz/Documents/Files/Unity Projects/GGJ_2022
-logFile
Logs/AssetImportWorker0.log
-srvPort
50710
Successfully changed project path to: C:/Users/piazz/Documents/Files/Unity Projects/GGJ_2022
C:/Users/piazz/Documents/Files/Unity Projects/GGJ_2022
Using Asset Import Pipeline V2.
Refreshing native plugins compatible for Editor in 28.79 ms, found 2 plugins.
Preloading 0 native plugins for Editor in 0.00 ms.
Initialize engine version: 2020.3.26f1 (7298b473bc1a)
[Subsystems] Discovering subsystems at path C:/Program Files/Unity/Hub/Editor/2020.3.26f1/Editor/Data/Resources/UnitySubsystems
[Subsystems] Discovering subsystems at path C:/Users/piazz/Documents/Files/Unity Projects/GGJ_2022/Assets
GfxDevice: creating device client; threaded=0
Direct3D:
    Version:  Direct3D 11.0 [level 11.1]
    Renderer: NVIDIA GeForce RTX 2080 SUPER (ID=0x1e81)
    Vendor:   
    VRAM:     8010 MB
    Driver:   30.0.14.9649
Initialize mono
Mono path[0] = 'C:/Program Files/Unity/Hub/Editor/2020.3.26f1/Editor/Data/Managed'
Mono path[1] = 'C:/Program Files/Unity/Hub/Editor/2020.3.26f1/Editor/Data/MonoBleedingEdge/lib/mono/unityjit'
Mono config path = 'C:/Program Files/Unity/Hub/Editor/2020.3.26f1/Editor/Data/MonoBleedingEdge/etc'
Using monoOptions --debugger-agent=transport=dt_socket,embedding=1,server=y,suspend=n,address=127.0.0.1:56408
Begin MonoManager ReloadAssembly
Registering precompiled unity dll's ...
Register platform support module: C:/Program Files/Unity/Hub/Editor/2020.3.26f1/Editor/Data/PlaybackEngines/WindowsStandaloneSupport/UnityEditor.WindowsStandalone.Extensions.dll
Registered in 0.002021 seconds.
Native extension for WindowsStandalone target not found
Refreshing native plugins compatible for Editor in 27.28 ms, found 2 plugins.
Preloading 0 native plugins for Editor in 0.00 ms.
Mono: successfully reloaded assembly
- Completed reload, in  0.487 seconds
Domain Reload Profiling:
	ReloadAssembly (487ms)
		BeginReloadAssembly (51ms)
			ExecutionOrderSort (0ms)
			DisableScriptedObjects (0ms)
			BackupInstance (0ms)
			ReleaseScriptingObjects (0ms)
			CreateAndSetChildDomain (1ms)
		EndReloadAssembly (375ms)
			LoadAssemblies (48ms)
			RebuildTransferFunctionScriptingTraits (0ms)
			SetupTypeCache (129ms)
			ReleaseScriptCaches (0ms)
			RebuildScriptCaches (25ms)
			SetupLoadedEditorAssemblies (134ms)
				LogAssemblyErrors (0ms)
				InitializePlatformSupportModulesInManaged (4ms)
				SetLoadedEditorAssemblies (0ms)
				RefreshPlugins (27ms)
				BeforeProcessingInitializeOnLoad (13ms)
				ProcessInitializeOnLoadAttributes (66ms)
				ProcessInitializeOnLoadMethodAttributes (23ms)
				AfterProcessingInitializeOnLoad (0ms)
				EditorAssembliesLoaded (0ms)
			ExecutionOrderSort2 (0ms)
			AwakeInstancesAfterBackupRestoration (0ms)
Platform modules already initialized, skipping
Registering precompiled user dll's ...
Registered in 0.005485 seconds.
Begin MonoManager ReloadAssembly
Native extension for WindowsStandalone target not found
Refreshing native plugins compatible for Editor in 0.32 ms, found 2 plugins.
Preloading 0 native plugins for Editor in 0.00 ms.
Mono: successfully reloaded assembly
- Completed reload, in  0.969 seconds
Domain Reload Profiling:
	ReloadAssembly (970ms)
		BeginReloadAssembly (134ms)
			ExecutionOrderSort (0ms)
			DisableScriptedObjects (4ms)
			BackupInstance (0ms)
			ReleaseScriptingObjects (0ms)
			CreateAndSetChildDomain (16ms)
		EndReloadAssembly (772ms)
			LoadAssemblies (109ms)
			RebuildTransferFunctionScriptingTraits (0ms)
			SetupTypeCache (277ms)
			ReleaseScriptCaches (1ms)
			RebuildScriptCaches (39ms)
			SetupLoadedEditorAssemblies (267ms)
				LogAssemblyErrors (0ms)
				InitializePlatformSupportModulesInManaged (4ms)
				SetLoadedEditorAssemblies (0ms)
				RefreshPlugins (0ms)
				BeforeProcessingInitializeOnLoad (69ms)
				ProcessInitializeOnLoadAttributes (180ms)
				ProcessInitializeOnLoadMethodAttributes (8ms)
				AfterProcessingInitializeOnLoad (6ms)
				EditorAssembliesLoaded (0ms)
			ExecutionOrderSort2 (0ms)
			AwakeInstancesAfterBackupRestoration (5ms)
Platform modules already initialized, skipping
========================================================================
Worker process is ready to serve import requests
Launched and connected shader compiler UnityShaderCompiler.exe after 0.03 seconds
Refreshing native plugins compatible for Editor in 0.35 ms, found 2 plugins.
Preloading 0 native plugins for Editor in 0.00 ms.
Unloading 1654 Unused Serialized files (Serialized files now loaded: 0)
System memory in use before: 74.6 MB.
System memory in use after: 74.6 MB.

Unloading 20 unused Assets to reduce memory usage. Loaded Objects now: 2087.
Total: 2.404400 ms (FindLiveObjects: 0.142400 ms CreateObjectMapping: 0.050500 ms MarkObjects: 2.147500 ms  DeleteObjects: 0.062800 ms)

AssetImportParameters requested are different than current active one (requested -> active):
  custom:framework-win-MediaFoundation: 216162199b28c13a410421893ffa2e32 -> 
  custom:video-decoder-ogg-theora: a1e56fd34408186e4bbccfd4996cb3dc -> 
  custom:container-muxer-webm: aa71ff27fc2769a1b78a27578f13a17b -> 
  custom:container-demuxer-webm: 4f35f7cbe854078d1ac9338744f61a02 -> 
  custom:container-demuxer-ogg: 62fdf1f143b41e24485cea50d1cbac27 -> 
  custom:video-encoder-webm-vp8: eb34c28f22e8b96e1ab97ce403110664 -> 
  custom:video-codec-MediaFoundation-h265: e54d7ab0439102e2317fc1e4b246158d -> 
  custom:video-decoder-webm-vp8: 9c59270c3fd7afecdb556c50c9e8de78 -> 
  custom:audio-decoder-ogg-vorbis: bf7c407c2cedff20999df2af8eb42d56 -> 
  custom:audio-encoder-webm-vorbis: bf7c407c2cedff20999df2af8eb42d56 -> 
========================================================================
Received Import Request.
  path: Assets/Scenes/ProtoLevel.unity
  artifactKey: Guid(d68d86c77c8b42b47844abb9503fbf6b) Importer(815301076,1909f56bfc062723c751e8b465ee728b)
Start importing Assets/Scenes/ProtoLevel.unity using Guid(d68d86c77c8b42b47844abb9503fbf6b) Importer(815301076,1909f56bfc062723c751e8b465ee728b)  -> (artifact id: '4abf8092a77ec5dc0e5ba86b2264486e') in 0.012748 seconds 
  Import took 0.014902 seconds .

========================================================================
Received Import Request.
  Time since last request: 298.708270 seconds.
  path: Assets/Code
  artifactKey: Guid(fd0dfb21375ca6041a5d3aa7f58328e6) Importer(815301076,1909f56bfc062723c751e8b465ee728b)
Start importing Assets/Code using Guid(fd0dfb21375ca6041a5d3aa7f58328e6) Importer(815301076,1909f56bfc062723c751e8b465ee728b)  -> (artifact id: 'f76fe29d2b4aca514cf2af3fea137294') in 0.003671 seconds 
  Import took 0.007105 seconds .

========================================================================
Received Import Request.
  Time since last request: 2.168104 seconds.
  path: Assets/Scenes
  artifactKey: Guid(6b49f99852544064ab9a0538e17eca70) Importer(815301076,1909f56bfc062723c751e8b465ee728b)
Start importing Assets/Scenes using Guid(6b49f99852544064ab9a0538e17eca70) Importer(815301076,1909f56bfc062723c751e8b465ee728b)  -> (artifact id: '0e166d1b56de117e65080a0d3a3cb1e0') in 0.003806 seconds 
  Import took 0.008210 seconds .

========================================================================
Received Import Request.
  Time since last request: 1.997734 seconds.
  path: Assets/Content
  artifactKey: Guid(4813ed9411a632e408dfdc8d5358c12f) Importer(815301076,1909f56bfc062723c751e8b465ee728b)
Start importing Assets/Content using Guid(4813ed9411a632e408dfdc8d5358c12f) Importer(815301076,1909f56bfc062723c751e8b465ee728b)  -> (artifact id: '4481d6cbad89e96cf84832b94ccdd2a1') in 0.003892 seconds 
  Import took 0.006177 seconds .

========================================================================
Received Import Request.
  Time since last request: 0.945586 seconds.
  path: Assets/Content/Materials
  artifactKey: Guid(e0f0e623dca22c241a37b99664cbb272) Importer(815301076,1909f56bfc062723c751e8b465ee728b)
Start importing Assets/Content/Materials using Guid(e0f0e623dca22c241a37b99664cbb272) Importer(815301076,1909f56bfc062723c751e8b465ee728b)  -> (artifact id: 'e9a3a92fe3adc5076643730159cbb8ba') in 0.003540 seconds 
  Import took 0.005781 seconds .

========================================================================
Received Import Request.
  Time since last request: 25.199728 seconds.
  path: Assets/Code/PlayerMovement.cs
  artifactKey: Guid(107bad9ffca9c7e489aed3d81f2eb52f) Importer(815301076,1909f56bfc062723c751e8b465ee728b)
Start importing Assets/Code/PlayerMovement.cs using Guid(107bad9ffca9c7e489aed3d81f2eb52f) Importer(815301076,1909f56bfc062723c751e8b465ee728b)  -> (artifact id: '3803618afa85fe7de450ff09b623104e') in 0.021663 seconds 
  Import took 0.024733 seconds .

========================================================================
Received Prepare
Registering precompiled user dll's ...
Registered in 0.005323 seconds.
Begin MonoManager ReloadAssembly
Native extension for WindowsStandalone target not found
Refreshing native plugins compatible for Editor in 0.31 ms, found 2 plugins.
Preloading 0 native plugins for Editor in 0.00 ms.
Mono: successfully reloaded assembly
- Completed reload, in  0.849 seconds
Domain Reload Profiling:
	ReloadAssembly (850ms)
		BeginReloadAssembly (118ms)
			ExecutionOrderSort (0ms)
			DisableScriptedObjects (4ms)
			BackupInstance (0ms)
			ReleaseScriptingObjects (0ms)
			CreateAndSetChildDomain (38ms)
		EndReloadAssembly (673ms)
			LoadAssemblies (82ms)
			RebuildTransferFunctionScriptingTraits (0ms)
			SetupTypeCache (239ms)
			ReleaseScriptCaches (1ms)
			RebuildScriptCaches (33ms)
			SetupLoadedEditorAssemblies (246ms)
				LogAssemblyErrors (0ms)
				InitializePlatformSupportModulesInManaged (4ms)
				SetLoadedEditorAssemblies (0ms)
				RefreshPlugins (0ms)
				BeforeProcessingInitializeOnLoad (63ms)
				ProcessInitializeOnLoadAttributes (164ms)
				ProcessInitializeOnLoadMethodAttributes (7ms)
				AfterProcessingInitializeOnLoad (6ms)
				EditorAssembliesLoaded (0ms)
			ExecutionOrderSort2 (0ms)
			AwakeInstancesAfterBackupRestoration (5ms)
Platform modules already initialized, skipping
Refreshing native plugins compatible for Editor in 0.34 ms, found 2 plugins.
Preloading 0 native plugins for Editor in 0.00 ms.
Unloading 1645 Unused Serialized files (Serialized files now loaded: 0)
System memory in use before: 74.1 MB.
System memory in use after: 74.2 MB.

Unloading 15 unused Assets to reduce memory usage. Loaded Objects now: 2090.
Total: 2.317700 ms (FindLiveObjects: 0.132400 ms CreateObjectMapping: 0.049800 ms MarkObjects: 2.120100 ms  DeleteObjects: 0.014700 ms)

AssetImportParameters requested are different than current active one (requested -> active):
  custom:framework-win-MediaFoundation: 216162199b28c13a410421893ffa2e32 -> 
  custom:video-decoder-ogg-theora: a1e56fd34408186e4bbccfd4996cb3dc -> 
  custom:container-muxer-webm: aa71ff27fc2769a1b78a27578f13a17b -> 
  custom:container-demuxer-webm: 4f35f7cbe854078d1ac9338744f61a02 -> 
  custom:container-demuxer-ogg: 62fdf1f143b41e24485cea50d1cbac27 -> 
  custom:video-encoder-webm-vp8: eb34c28f22e8b96e1ab97ce403110664 -> 
  custom:video-codec-MediaFoundation-h265: e54d7ab0439102e2317fc1e4b246158d -> 
  custom:video-decoder-webm-vp8: 9c59270c3fd7afecdb556c50c9e8de78 -> 
  custom:audio-decoder-ogg-vorbis: bf7c407c2cedff20999df2af8eb42d56 -> 
  custom:audio-encoder-webm-vorbis: bf7c407c2cedff20999df2af8eb42d56 -> 
========================================================================
Received Import Request.
  Time since last request: 351.617228 seconds.
  path: Assets/Scenes/Movement_Test.unity
  artifactKey: Guid(f46cec02a695e2041b52420bca53e2b3) Importer(815301076,1909f56bfc062723c751e8b465ee728b)
Start importing Assets/Scenes/Movement_Test.unity using Guid(f46cec02a695e2041b52420bca53e2b3) Importer(815301076,1909f56bfc062723c751e8b465ee728b)  -> (artifact id: 'e7b00bd871c04fca2ca03b24779f0097') in 0.014835 seconds 
  Import took 0.017393 seconds .

========================================================================
Received Import Request.
  Time since last request: 225.123981 seconds.
  path: Assets/Content/Materials/Arrow.mat
  artifactKey: Guid(0ee06ec7c766f4448a14faca46d3eab9) Importer(815301076,1909f56bfc062723c751e8b465ee728b)
Start importing Assets/Content/Materials/Arrow.mat using Guid(0ee06ec7c766f4448a14faca46d3eab9) Importer(815301076,1909f56bfc062723c751e8b465ee728b)  -> (artifact id: '2bd850e8e053eb72169ea0218514703e') in 0.070797 seconds 
  Import took 0.073445 seconds .

========================================================================
Received Import Request.
  Time since last request: 0.000244 seconds.
  path: Assets/Content/Materials/Temp_Players.mat
  artifactKey: Guid(a2f55302d29ebf14ebbcdaa8ac5b4885) Importer(815301076,1909f56bfc062723c751e8b465ee728b)
Start importing Assets/Content/Materials/Temp_Players.mat using Guid(a2f55302d29ebf14ebbcdaa8ac5b4885) Importer(815301076,1909f56bfc062723c751e8b465ee728b)  -> (artifact id: 'cc77a4ccfd8f0627ed19887e3fbc639f') in 0.011089 seconds 
  Import took 0.013213 seconds .

========================================================================
Received Import Request.
  Time since last request: 0.000184 seconds.
  path: Assets/Content/Materials/Temp_Players 1.mat
  artifactKey: Guid(fc942b0875574da4780ca2fa8ca5a36d) Importer(815301076,1909f56bfc062723c751e8b465ee728b)
Start importing Assets/Content/Materials/Temp_Players 1.mat using Guid(fc942b0875574da4780ca2fa8ca5a36d) Importer(815301076,1909f56bfc062723c751e8b465ee728b)  -> (artifact id: '059cde3e68ef902435d2cc342ae81bd5') in 0.009336 seconds 
  Import took 0.011992 seconds .

========================================================================
Received Import Request.
  Time since last request: 0.000223 seconds.
  path: Assets/Content/Materials/Tiles.mat
  artifactKey: Guid(5461d76091e77f741a6624fd9f9f3d65) Importer(815301076,1909f56bfc062723c751e8b465ee728b)
Start importing Assets/Content/Materials/Tiles.mat using Guid(5461d76091e77f741a6624fd9f9f3d65) Importer(815301076,1909f56bfc062723c751e8b465ee728b)  -> (artifact id: 'b0668e6d4cd23847fbe447c8dc335a8b') in 0.010439 seconds 
  Import took 0.012501 seconds .

========================================================================
Received Import Request.
  Time since last request: 25.502974 seconds.
  path: Assets
  artifactKey: Guid(00000000000000001000000000000000) Importer(815301076,1909f56bfc062723c751e8b465ee728b)
Start importing Assets using Guid(00000000000000001000000000000000) Importer(815301076,1909f56bfc062723c751e8b465ee728b)  -> (artifact id: '42d402b061de3733987d63b9cc3b64de') in 0.003528 seconds 
  Import took 0.007114 seconds .

========================================================================
Received Import Request.
  Time since last request: 3.990723 seconds.
  path: Assets/Prefabs
  artifactKey: Guid(ad145ae5503e3164ab87721e5b8c495e) Importer(815301076,1909f56bfc062723c751e8b465ee728b)
Start importing Assets/Prefabs using Guid(ad145ae5503e3164ab87721e5b8c495e) Importer(815301076,1909f56bfc062723c751e8b465ee728b)  -> (artifact id: '3166be6fde23c6170c24ad076cd9f7a0') in 0.003507 seconds 
  Import took 0.005912 seconds .

========================================================================
Received Import Request.
  Time since last request: 13.338594 seconds.
  path: Assets/Prefabs/Player_0.prefab
  artifactKey: Guid(a01c6e8eacd2fe046a49ea91802e131c) Importer(815301076,1909f56bfc062723c751e8b465ee728b)
Start importing Assets/Prefabs/Player_0.prefab using Guid(a01c6e8eacd2fe046a49ea91802e131c) Importer(815301076,1909f56bfc062723c751e8b465ee728b)  -> (artifact id: '25d6a2a88e2b7ab4027dd2d4ad82db19') in 0.023941 seconds 
  Import took 0.027427 seconds .

========================================================================
Received Import Request.
  Time since last request: 56.852691 seconds.
  path: Assets/Prefabs/Player_0.prefab
  artifactKey: Guid(a01c6e8eacd2fe046a49ea91802e131c) Importer(815301076,1909f56bfc062723c751e8b465ee728b)
Start importing Assets/Prefabs/Player_0.prefab using Guid(a01c6e8eacd2fe046a49ea91802e131c) Importer(815301076,1909f56bfc062723c751e8b465ee728b)  -> (artifact id: '89c71a235764c53c7f8f4f40271032c3') in 0.009242 seconds 
  Import took 0.012473 seconds .

========================================================================
Received Import Request.
  Time since last request: 2.791393 seconds.
  path: Assets/Prefabs/Player_0.prefab
  artifactKey: Guid(a01c6e8eacd2fe046a49ea91802e131c) Importer(815301076,1909f56bfc062723c751e8b465ee728b)
Start importing Assets/Prefabs/Player_0.prefab using Guid(a01c6e8eacd2fe046a49ea91802e131c) Importer(815301076,1909f56bfc062723c751e8b465ee728b)  -> (artifact id: 'd31725af4a30b4aeb205e208edecf58c') in 0.007815 seconds 
  Import took 0.010203 seconds .

